<?xml version="1.0" encoding="UTF-8"?>
<testsuite xmlns:xsi="http://www.w3.org/2001/XMLSchema-instance" xsi:noNamespaceSchemaLocation="https://maven.apache.org/surefire/maven-surefire-plugin/xsd/surefire-test-report-3.0.xsd" version="3.0" name="com.microservices.loanms.LoanMsApplicationTests" time="11.451" tests="1" errors="0" skipped="0" failures="0">
  <properties>
[...]
</properties>
  <testcase name="contextLoads" classname="com.microservices.loanms.LoanMsApplicationTests" time="0.971">
    <system-out><![CDATA[18:52:10.764 [main] INFO org.springframework.test.context.support.AnnotationConfigContextLoaderUtils -- Could not detect default configuration classes for test class [com.microservices.loanms.LoanMsApplicationTests]: LoanMsApplicationTests does not declare any static, non-private, non-final, nested classes annotated with @Configuration.
18:52:10.935 [main] INFO org.springframework.boot.test.context.SpringBootTestContextBootstrapper -- Found @SpringBootConfiguration com.microservices.loanms.LoanMsApplication for test class com.microservices.loanms.LoanMsApplicationTests
18:52:11.217 [main] INFO org.springframework.boot.devtools.restart.RestartApplicationListener -- Restart disabled due to context in which it is running

  .   ____          _            __ _ _
 /\\ / ___'_ __ _ _(_)_ __  __ _ \ \ \ \
( ( )\___ | '_ | '_| | '_ \/ _` | \ \ \ \
 \\/  ___)| |_)| | | | | || (_| |  ) ) ) )
  '  |____| .__|_| |_|_| |_\__, | / / / /
 =========|_|==============|___/=/_/_/_/
 :: Spring Boot ::                (v3.2.5)

2024-05-14T18:52:11.733+01:00  INFO 21764 --- [           main] c.m.loanms.LoanMsApplicationTests        : Starting LoanMsApplicationTests using Java 17.0.1 with PID 21764 (started by Youcode in C:\Users\Youcode\Documents\LoanMS)
2024-05-14T18:52:11.733+01:00  INFO 21764 --- [           main] c.m.loanms.LoanMsApplicationTests        : No active profile set, falling back to 1 default profile: "default"
2024-05-14T18:52:13.696+01:00  INFO 21764 --- [           main] .s.d.r.c.RepositoryConfigurationDelegate : Bootstrapping Spring Data JPA repositories in DEFAULT mode.
2024-05-14T18:52:13.790+01:00  INFO 21764 --- [           main] .s.d.r.c.RepositoryConfigurationDelegate : Finished Spring Data repository scanning in 71 ms. Found 1 JPA repository interface.
2024-05-14T18:52:14.682+01:00  INFO 21764 --- [           main] com.zaxxer.hikari.HikariDataSource       : HikariPool-1 - Starting...
2024-05-14T18:52:15.062+01:00  INFO 21764 --- [           main] com.zaxxer.hikari.pool.HikariPool        : HikariPool-1 - Added connection conn0: url=jdbc:h2:mem:testdb user=SA
2024-05-14T18:52:15.066+01:00  INFO 21764 --- [           main] com.zaxxer.hikari.HikariDataSource       : HikariPool-1 - Start completed.
2024-05-14T18:52:15.309+01:00  INFO 21764 --- [           main] o.hibernate.jpa.internal.util.LogHelper  : HHH000204: Processing PersistenceUnitInfo [name: default]
2024-05-14T18:52:15.464+01:00  INFO 21764 --- [           main] org.hibernate.Version                    : HHH000412: Hibernate ORM core version 6.4.4.Final
2024-05-14T18:52:15.557+01:00  INFO 21764 --- [           main] o.h.c.internal.RegionFactoryInitiator    : HHH000026: Second-level cache disabled
2024-05-14T18:52:16.230+01:00  INFO 21764 --- [           main] o.s.o.j.p.SpringPersistenceUnitInfo      : No LoadTimeWeaver setup: ignoring JPA class transformer
2024-05-14T18:52:16.324+01:00  WARN 21764 --- [           main] org.hibernate.orm.deprecation            : HHH90000025: H2Dialect does not need to be specified explicitly using 'hibernate.dialect' (remove the property setting and it will be selected by default)
2024-05-14T18:52:17.905+01:00  INFO 21764 --- [           main] o.h.e.t.j.p.i.JtaPlatformInitiator       : HHH000489: No JTA platform available (set 'hibernate.transaction.jta.platform' to enable JTA platform integration)
Hibernate: alter table if exists loans alter column loan_id set data type bigint
Hibernate: alter table if exists loans alter column created_at set data type timestamp(6)
Hibernate: alter table if exists loans alter column updated_at set data type timestamp(6)
2024-05-14T18:52:17.999+01:00  INFO 21764 --- [           main] j.LocalContainerEntityManagerFactoryBean : Initialized JPA EntityManagerFactory for persistence unit 'default'
2024-05-14T18:52:19.314+01:00  WARN 21764 --- [           main] JpaBaseConfiguration$JpaWebConfiguration : spring.jpa.open-in-view is enabled by default. Therefore, database queries may be performed during view rendering. Explicitly configure spring.jpa.open-in-view to disable this warning
2024-05-14T18:52:20.633+01:00  INFO 21764 --- [           main] o.s.b.a.h2.H2ConsoleAutoConfiguration    : H2 console available at '/h2-console'. Database available at 'jdbc:h2:mem:testdb'
2024-05-14T18:52:20.711+01:00  INFO 21764 --- [           main] o.s.b.a.e.web.EndpointLinksResolver      : Exposing 1 endpoint(s) beneath base path '/actuator'
2024-05-14T18:52:20.836+01:00  INFO 21764 --- [           main] c.m.loanms.LoanMsApplicationTests        : Started LoanMsApplicationTests in 9.635 seconds (process running for 11.133)
]]></system-out>
  </testcase>
</testsuite>