<?xml version="1.0" encoding="UTF-8"?>
<testsuite xmlns:xsi="http://www.w3.org/2001/XMLSchema-instance" xsi:noNamespaceSchemaLocation="https://maven.apache.org/surefire/maven-surefire-plugin/xsd/surefire-test-report-3.0.xsd" version="3.0" name="com.microservices.configserver.ConfigServerApplicationTests" time="11.807" tests="1" errors="0" skipped="0" failures="0">
  <properties>
[...]
</properties>
  <testcase name="contextLoads" classname="com.microservices.configserver.ConfigServerApplicationTests" time="1.411">
    <system-out><![CDATA[22:31:23.367 [main] INFO org.springframework.test.context.support.AnnotationConfigContextLoaderUtils -- Could not detect default configuration classes for test class [com.microservices.configserver.ConfigServerApplicationTests]: ConfigServerApplicationTests does not declare any static, non-private, non-final, nested classes annotated with @Configuration.
22:31:23.610 [main] INFO org.springframework.boot.test.context.SpringBootTestContextBootstrapper -- Found @SpringBootConfiguration com.microservices.configserver.ConfigServerApplication for test class com.microservices.configserver.ConfigServerApplicationTests
22:31:24.048 [main] INFO org.springframework.boot.devtools.restart.RestartApplicationListener -- Restart disabled due to context in which it is running

  .   ____          _            __ _ _
 /\\ / ___'_ __ _ _(_)_ __  __ _ \ \ \ \
( ( )\___ | '_ | '_| | '_ \/ _` | \ \ \ \
 \\/  ___)| |_)| | | | | || (_| |  ) ) ) )
  '  |____| .__|_| |_|_| |_\__, | / / / /
 =========|_|==============|___/=/_/_/_/
 :: Spring Boot ::                (v3.2.5)

2024-05-19T22:31:25.240+01:00  INFO 10320 --- [configserver] [           main] c.m.c.ConfigServerApplicationTests       : Starting ConfigServerApplicationTests using Java 17.0.10 with PID 10320 (started by Youcode in C:\Users\Youcode\Documents\microservices\configServer)
2024-05-19T22:31:25.240+01:00  INFO 10320 --- [configserver] [           main] c.m.c.ConfigServerApplicationTests       : The following 1 profile is active: "native"
2024-05-19T22:31:27.861+01:00  INFO 10320 --- [configserver] [           main] faultConfiguringBeanFactoryPostProcessor : No bean named 'errorChannel' has been explicitly defined. Therefore, a default PublishSubscribeChannel will be created.
2024-05-19T22:31:27.877+01:00  INFO 10320 --- [configserver] [           main] faultConfiguringBeanFactoryPostProcessor : No bean named 'integrationHeaderChannelRegistry' has been explicitly defined. Therefore, a default DefaultHeaderChannelRegistry will be created.
2024-05-19T22:31:28.096+01:00  INFO 10320 --- [configserver] [           main] o.s.cloud.context.scope.GenericScope     : BeanFactory id=feca2f66-9785-3422-a058-7321451d6bfe
2024-05-19T22:31:31.427+01:00  INFO 10320 --- [configserver] [           main] o.s.c.s.m.DirectWithAttributesChannel    : Channel 'configserver.springCloudBusInput' has 1 subscriber(s).
2024-05-19T22:31:32.524+01:00  INFO 10320 --- [configserver] [           main] o.s.b.a.e.web.EndpointLinksResolver      : Exposing 1 endpoint(s) beneath base path '/actuator'
2024-05-19T22:31:32.633+01:00  INFO 10320 --- [configserver] [           main] o.s.i.endpoint.EventDrivenConsumer       : Adding {logging-channel-adapter:_org.springframework.integration.errorLogger} as a subscriber to the 'errorChannel' channel
2024-05-19T22:31:32.633+01:00  INFO 10320 --- [configserver] [           main] o.s.i.channel.PublishSubscribeChannel    : Channel 'configserver.errorChannel' has 1 subscriber(s).
2024-05-19T22:31:32.633+01:00  INFO 10320 --- [configserver] [           main] o.s.i.endpoint.EventDrivenConsumer       : started bean '_org.springframework.integration.errorLogger'
2024-05-19T22:31:32.633+01:00  INFO 10320 --- [configserver] [           main] o.s.c.s.binder.DefaultBinderFactory      : Creating binder: rabbit
2024-05-19T22:31:32.633+01:00  INFO 10320 --- [configserver] [           main] o.s.c.s.binder.DefaultBinderFactory      : Constructing binder child context for rabbit
2024-05-19T22:31:32.743+01:00  INFO 10320 --- [configserver] [           main] o.s.c.s.binder.DefaultBinderFactory      : Caching the binder: rabbit
2024-05-19T22:31:32.821+01:00  INFO 10320 --- [configserver] [           main] c.s.b.r.p.RabbitExchangeQueueProvisioner : declaring queue for inbound: springCloudBus.anonymous.Dvw6I4hrRSC2bGGTow3C3A, bound to: springCloudBus
2024-05-19T22:31:32.837+01:00  INFO 10320 --- [configserver] [           main] o.s.a.r.c.CachingConnectionFactory       : Attempting to connect to: [localhost:5672]
2024-05-19T22:31:33.002+01:00  INFO 10320 --- [configserver] [           main] o.s.a.r.c.CachingConnectionFactory       : Created new connection: rabbitConnectionFactory#6cd66f6a:0/SimpleConnection@1e592ef2 [delegate=amqp://guest@127.0.0.1:5672/, localPort=52260]
2024-05-19T22:31:33.127+01:00  INFO 10320 --- [configserver] [           main] o.s.c.stream.binder.BinderErrorChannel   : Channel 'rabbit-172871390.springCloudBusInput.errors' has 1 subscriber(s).
2024-05-19T22:31:33.127+01:00  INFO 10320 --- [configserver] [           main] o.s.c.stream.binder.BinderErrorChannel   : Channel 'rabbit-172871390.springCloudBusInput.errors' has 2 subscriber(s).
2024-05-19T22:31:33.174+01:00  INFO 10320 --- [configserver] [           main] o.s.i.a.i.AmqpInboundChannelAdapter      : started bean 'inbound.springCloudBus.anonymous.Dvw6I4hrRSC2bGGTow3C3A'
2024-05-19T22:31:33.215+01:00  INFO 10320 --- [configserver] [           main] c.m.c.ConfigServerApplicationTests       : Started ConfigServerApplicationTests in 9.214 seconds (process running for 11.465)
]]></system-out>
  </testcase>
</testsuite>