<?xml version="1.0" encoding="UTF-8"?>
<testsuite xmlns:xsi="http://www.w3.org/2001/XMLSchema-instance" xsi:noNamespaceSchemaLocation="https://maven.apache.org/surefire/maven-surefire-plugin/xsd/surefire-test-report-3.0.xsd" version="3.0" name="com.microservices.configserver.ConfigServerApplicationTests" time="14.881" tests="1" errors="0" skipped="0" failures="0">
  <properties>
[...]
</properties>
  <testcase name="contextLoads" classname="com.microservices.configserver.ConfigServerApplicationTests" time="1.922">
    <system-out><![CDATA[16:19:58.370 [main] INFO org.springframework.test.context.support.AnnotationConfigContextLoaderUtils -- Could not detect default configuration classes for test class [com.microservices.configserver.ConfigServerApplicationTests]: ConfigServerApplicationTests does not declare any static, non-private, non-final, nested classes annotated with @Configuration.
16:19:59.232 [main] INFO org.springframework.boot.test.context.SpringBootTestContextBootstrapper -- Found @SpringBootConfiguration com.microservices.configserver.ConfigServerApplication for test class com.microservices.configserver.ConfigServerApplicationTests

  .   ____          _            __ _ _
 /\\ / ___'_ __ _ _(_)_ __  __ _ \ \ \ \
( ( )\___ | '_ | '_| | '_ \/ _` | \ \ \ \
 \\/  ___)| |_)| | | | | || (_| |  ) ) ) )
  '  |____| .__|_| |_|_| |_\__, | / / / /
 =========|_|==============|___/=/_/_/_/
 :: Spring Boot ::                (v3.2.5)

2024-06-12T16:20:01.139+01:00  INFO 36276 --- [configserver] [           main] c.m.c.ConfigServerApplicationTests       : Starting ConfigServerApplicationTests using Java 17.0.10 with PID 36276 (started by Youcode in C:\Users\Youcode\Documents\microservices\configServer)
2024-06-12T16:20:01.139+01:00  INFO 36276 --- [configserver] [           main] c.m.c.ConfigServerApplicationTests       : The following 1 profile is active: "git"
2024-06-12T16:20:03.844+01:00  INFO 36276 --- [configserver] [           main] o.s.cloud.context.scope.GenericScope     : BeanFactory id=48d5938c-702a-34d1-a1a2-f01b81e3792f
2024-06-12T16:20:10.661+01:00  INFO 36276 --- [configserver] [           main] o.s.b.a.e.web.EndpointLinksResolver      : Exposing 15 endpoint(s) beneath base path '/actuator'
2024-06-12T16:20:10.782+01:00  INFO 36276 --- [configserver] [           main] c.m.c.ConfigServerApplicationTests       : Started ConfigServerApplicationTests in 11.176 seconds (process running for 14.437)
]]></system-out>
  </testcase>
</testsuite>